[4.081s] Invoking command in '/root/racecar_ws/src/final_challenge2025/build/final_challenge_stata': PYTHONPATH=/root/racecar_ws/src/final_challenge2025/build/final_challenge_stata/prefix_override:/usr/lib/python3/dist-packages/colcon_core/task/python/colcon_distutils_commands:/root/racecar_ws/src/final_challenge2025/install/final_challenge_stata/lib/python3.10/site-packages:${PYTHONPATH} /usr/bin/python3 -W ignore:setup.py install is deprecated -W ignore:easy_install command is deprecated setup.py develop --editable --build-directory /root/racecar_ws/src/final_challenge2025/build/final_challenge_stata/build --no-deps symlink_data
[4.912s] running develop
[5.095s] /usr/lib/python3/dist-packages/pkg_resources/__init__.py:116: PkgResourcesDeprecationWarning: 2.0.5-build-libtorrent-rasterbar-QyJODx-libtorrent-rasterbar-2.0.5-bindings-python is an invalid version and will not be supported in a future release
[5.096s]   warnings.warn(
[5.438s] running egg_info
[5.438s] creating final_challenge_stata.egg-info
[5.439s] writing final_challenge_stata.egg-info/PKG-INFO
[5.441s] writing dependency_links to final_challenge_stata.egg-info/dependency_links.txt
[5.442s] writing entry points to final_challenge_stata.egg-info/entry_points.txt
[5.442s] writing requirements to final_challenge_stata.egg-info/requires.txt
[5.442s] writing top-level names to final_challenge_stata.egg-info/top_level.txt
[5.442s] writing manifest file 'final_challenge_stata.egg-info/SOURCES.txt'
[5.446s] reading manifest file 'final_challenge_stata.egg-info/SOURCES.txt'
[5.448s] writing manifest file 'final_challenge_stata.egg-info/SOURCES.txt'
[5.619s] running build_ext
[5.619s] Creating /root/racecar_ws/src/final_challenge2025/install/final_challenge_stata/lib/python3.10/site-packages/final-challenge-stata.egg-link (link to .)
[5.623s] 
[5.623s] Installed /root/racecar_ws/src/final_challenge2025/build/final_challenge_stata
[5.623s] running symlink_data
[5.623s] creating /root/racecar_ws/src/final_challenge2025/install/final_challenge_stata/share/ament_index
[5.624s] creating /root/racecar_ws/src/final_challenge2025/install/final_challenge_stata/share/ament_index/resource_index
[5.624s] creating /root/racecar_ws/src/final_challenge2025/install/final_challenge_stata/share/ament_index/resource_index/packages
[5.625s] symbolically linking /root/racecar_ws/src/final_challenge2025/build/final_challenge_stata/resource/final_challenge_stata -> /root/racecar_ws/src/final_challenge2025/install/final_challenge_stata/share/ament_index/resource_index/packages
[5.625s] symbolically linking /root/racecar_ws/src/final_challenge2025/build/final_challenge_stata/package.xml -> /root/racecar_ws/src/final_challenge2025/install/final_challenge_stata/share/final_challenge_stata
[5.850s] Invoked command in '/root/racecar_ws/src/final_challenge2025/build/final_challenge_stata' returned '0': PYTHONPATH=/root/racecar_ws/src/final_challenge2025/build/final_challenge_stata/prefix_override:/usr/lib/python3/dist-packages/colcon_core/task/python/colcon_distutils_commands:/root/racecar_ws/src/final_challenge2025/install/final_challenge_stata/lib/python3.10/site-packages:${PYTHONPATH} /usr/bin/python3 -W ignore:setup.py install is deprecated -W ignore:easy_install command is deprecated setup.py develop --editable --build-directory /root/racecar_ws/src/final_challenge2025/build/final_challenge_stata/build --no-deps symlink_data
