[1.060s] DEBUG:colcon:Command line arguments: ['/usr/bin/colcon', 'build', '--symlink-install']
[1.060s] DEBUG:colcon:Parsed command line arguments: Namespace(log_base=None, log_level=None, verb_name='build', build_base='build', install_base='install', merge_install=False, symlink_install=True, test_result_base=None, continue_on_error=False, executor='parallel', parallel_workers=6, event_handlers=None, ignore_user_meta=False, metas=['./colcon.meta'], base_paths=['.'], packages_ignore=None, packages_ignore_regex=None, paths=None, packages_up_to=None, packages_up_to_regex=None, packages_above=None, packages_above_and_dependencies=None, packages_above_depth=None, packages_select_by_dep=None, packages_skip_by_dep=None, packages_skip_up_to=None, packages_select_build_failed=False, packages_skip_build_finished=False, packages_select_test_failures=False, packages_skip_test_passed=False, packages_select=None, packages_skip=None, packages_select_regex=None, packages_skip_regex=None, packages_start=None, packages_end=None, allow_overriding=[], cmake_args=None, cmake_target=None, cmake_target_skip_unavailable=False, cmake_clean_cache=False, cmake_clean_first=False, cmake_force_configure=False, ament_cmake_args=None, catkin_cmake_args=None, catkin_skip_building_tests=False, mixin_files=None, mixin=None, verb_parser=<colcon_mixin.mixin.mixin_argument.MixinArgumentDecorator object at 0xffff861fd0f0>, verb_extension=<colcon_core.verb.build.BuildVerb object at 0xffff863b95d0>, main=<bound method BuildVerb.main of <colcon_core.verb.build.BuildVerb object at 0xffff863b95d0>>, mixin_verb=('build',))
[2.037s] Level 1:colcon.colcon_core.package_discovery:discover_packages(colcon_meta) check parameters
[2.038s] Level 1:colcon.colcon_core.package_discovery:discover_packages(recursive) check parameters
[2.038s] Level 1:colcon.colcon_core.package_discovery:discover_packages(ignore) check parameters
[2.038s] Level 1:colcon.colcon_core.package_discovery:discover_packages(path) check parameters
[2.038s] Level 1:colcon.colcon_core.package_discovery:discover_packages(colcon_meta) discover
[2.038s] Level 1:colcon.colcon_core.package_discovery:discover_packages(recursive) discover
[2.038s] INFO:colcon.colcon_core.package_discovery:Crawling recursively for packages in '/root/racecar_ws/src/final_challenge2025'
[2.039s] Level 1:colcon.colcon_core.package_identification:_identify(.) by extensions ['ignore', 'ignore_ament_install']
[2.039s] Level 1:colcon.colcon_core.package_identification:_identify(.) by extension 'ignore'
[2.039s] Level 1:colcon.colcon_core.package_identification:_identify(.) by extension 'ignore_ament_install'
[2.039s] Level 1:colcon.colcon_core.package_identification:_identify(.) by extensions ['colcon_pkg']
[2.039s] Level 1:colcon.colcon_core.package_identification:_identify(.) by extension 'colcon_pkg'
[2.040s] Level 1:colcon.colcon_core.package_identification:_identify(.) by extensions ['colcon_meta']
[2.040s] Level 1:colcon.colcon_core.package_identification:_identify(.) by extension 'colcon_meta'
[2.040s] Level 1:colcon.colcon_core.package_identification:_identify(.) by extensions ['ros']
[2.040s] Level 1:colcon.colcon_core.package_identification:_identify(.) by extension 'ros'
[2.087s] Level 1:colcon.colcon_core.package_identification:_identify(.) by extensions ['cmake', 'python']
[2.087s] Level 1:colcon.colcon_core.package_identification:_identify(.) by extension 'cmake'
[2.087s] Level 1:colcon.colcon_core.package_identification:_identify(.) by extension 'python'
[2.087s] Level 1:colcon.colcon_core.package_identification:_identify(.) by extensions ['python_setup_py']
[2.087s] Level 1:colcon.colcon_core.package_identification:_identify(.) by extension 'python_setup_py'
[2.088s] Level 1:colcon.colcon_core.package_identification:_identify(build) by extensions ['ignore', 'ignore_ament_install']
[2.088s] Level 1:colcon.colcon_core.package_identification:_identify(build) by extension 'ignore'
[2.088s] Level 1:colcon.colcon_core.package_identification:_identify(build) ignored
[2.089s] Level 1:colcon.colcon_core.package_identification:_identify(final_challenge_stata) by extensions ['ignore', 'ignore_ament_install']
[2.089s] Level 1:colcon.colcon_core.package_identification:_identify(final_challenge_stata) by extension 'ignore'
[2.089s] Level 1:colcon.colcon_core.package_identification:_identify(final_challenge_stata) by extension 'ignore_ament_install'
[2.089s] Level 1:colcon.colcon_core.package_identification:_identify(final_challenge_stata) by extensions ['colcon_pkg']
[2.089s] Level 1:colcon.colcon_core.package_identification:_identify(final_challenge_stata) by extension 'colcon_pkg'
[2.089s] Level 1:colcon.colcon_core.package_identification:_identify(final_challenge_stata) by extensions ['colcon_meta']
[2.089s] Level 1:colcon.colcon_core.package_identification:_identify(final_challenge_stata) by extension 'colcon_meta'
[2.089s] Level 1:colcon.colcon_core.package_identification:_identify(final_challenge_stata) by extensions ['ros']
[2.090s] Level 1:colcon.colcon_core.package_identification:_identify(final_challenge_stata) by extension 'ros'
[2.104s] DEBUG:colcon.colcon_core.package_identification:Package 'final_challenge_stata' with type 'ros.ament_python' and name 'final_challenge_stata'
[2.105s] Level 1:colcon.colcon_core.package_identification:_identify(install) by extensions ['ignore', 'ignore_ament_install']
[2.105s] Level 1:colcon.colcon_core.package_identification:_identify(install) by extension 'ignore'
[2.105s] Level 1:colcon.colcon_core.package_identification:_identify(install) ignored
[2.105s] Level 1:colcon.colcon_core.package_identification:_identify(launch) by extensions ['ignore', 'ignore_ament_install']
[2.105s] Level 1:colcon.colcon_core.package_identification:_identify(launch) by extension 'ignore'
[2.106s] Level 1:colcon.colcon_core.package_identification:_identify(launch) by extension 'ignore_ament_install'
[2.106s] Level 1:colcon.colcon_core.package_identification:_identify(launch) by extensions ['colcon_pkg']
[2.106s] Level 1:colcon.colcon_core.package_identification:_identify(launch) by extension 'colcon_pkg'
[2.106s] Level 1:colcon.colcon_core.package_identification:_identify(launch) by extensions ['colcon_meta']
[2.106s] Level 1:colcon.colcon_core.package_identification:_identify(launch) by extension 'colcon_meta'
[2.106s] Level 1:colcon.colcon_core.package_identification:_identify(launch) by extensions ['ros']
[2.106s] Level 1:colcon.colcon_core.package_identification:_identify(launch) by extension 'ros'
[2.107s] Level 1:colcon.colcon_core.package_identification:_identify(launch) by extensions ['cmake', 'python']
[2.107s] Level 1:colcon.colcon_core.package_identification:_identify(launch) by extension 'cmake'
[2.107s] Level 1:colcon.colcon_core.package_identification:_identify(launch) by extension 'python'
[2.107s] Level 1:colcon.colcon_core.package_identification:_identify(launch) by extensions ['python_setup_py']
[2.107s] Level 1:colcon.colcon_core.package_identification:_identify(launch) by extension 'python_setup_py'
[2.107s] Level 1:colcon.colcon_core.package_identification:_identify(log) by extensions ['ignore', 'ignore_ament_install']
[2.108s] Level 1:colcon.colcon_core.package_identification:_identify(log) by extension 'ignore'
[2.108s] Level 1:colcon.colcon_core.package_identification:_identify(log) ignored
[2.108s] Level 1:colcon.colcon_core.package_identification:_identify(media) by extensions ['ignore', 'ignore_ament_install']
[2.108s] Level 1:colcon.colcon_core.package_identification:_identify(media) by extension 'ignore'
[2.108s] Level 1:colcon.colcon_core.package_identification:_identify(media) by extension 'ignore_ament_install'
[2.109s] Level 1:colcon.colcon_core.package_identification:_identify(media) by extensions ['colcon_pkg']
[2.109s] Level 1:colcon.colcon_core.package_identification:_identify(media) by extension 'colcon_pkg'
[2.109s] Level 1:colcon.colcon_core.package_identification:_identify(media) by extensions ['colcon_meta']
[2.109s] Level 1:colcon.colcon_core.package_identification:_identify(media) by extension 'colcon_meta'
[2.109s] Level 1:colcon.colcon_core.package_identification:_identify(media) by extensions ['ros']
[2.109s] Level 1:colcon.colcon_core.package_identification:_identify(media) by extension 'ros'
[2.109s] Level 1:colcon.colcon_core.package_identification:_identify(media) by extensions ['cmake', 'python']
[2.109s] Level 1:colcon.colcon_core.package_identification:_identify(media) by extension 'cmake'
[2.109s] Level 1:colcon.colcon_core.package_identification:_identify(media) by extension 'python'
[2.110s] Level 1:colcon.colcon_core.package_identification:_identify(media) by extensions ['python_setup_py']
[2.110s] Level 1:colcon.colcon_core.package_identification:_identify(media) by extension 'python_setup_py'
[2.110s] Level 1:colcon.colcon_core.package_identification:_identify(racetrack_controller) by extensions ['ignore', 'ignore_ament_install']
[2.110s] Level 1:colcon.colcon_core.package_identification:_identify(racetrack_controller) by extension 'ignore'
[2.110s] Level 1:colcon.colcon_core.package_identification:_identify(racetrack_controller) by extension 'ignore_ament_install'
[2.110s] Level 1:colcon.colcon_core.package_identification:_identify(racetrack_controller) by extensions ['colcon_pkg']
[2.110s] Level 1:colcon.colcon_core.package_identification:_identify(racetrack_controller) by extension 'colcon_pkg'
[2.111s] Level 1:colcon.colcon_core.package_identification:_identify(racetrack_controller) by extensions ['colcon_meta']
[2.111s] Level 1:colcon.colcon_core.package_identification:_identify(racetrack_controller) by extension 'colcon_meta'
[2.111s] Level 1:colcon.colcon_core.package_identification:_identify(racetrack_controller) by extensions ['ros']
[2.111s] Level 1:colcon.colcon_core.package_identification:_identify(racetrack_controller) by extension 'ros'
[2.113s] DEBUG:colcon.colcon_core.package_identification:Package 'racetrack_controller' with type 'ros.ament_python' and name 'racetrack_controller'
[2.113s] Level 1:colcon.colcon_core.package_identification:_identify(racetrack_cv) by extensions ['ignore', 'ignore_ament_install']
[2.113s] Level 1:colcon.colcon_core.package_identification:_identify(racetrack_cv) by extension 'ignore'
[2.114s] Level 1:colcon.colcon_core.package_identification:_identify(racetrack_cv) by extension 'ignore_ament_install'
[2.114s] Level 1:colcon.colcon_core.package_identification:_identify(racetrack_cv) by extensions ['colcon_pkg']
[2.114s] Level 1:colcon.colcon_core.package_identification:_identify(racetrack_cv) by extension 'colcon_pkg'
[2.114s] Level 1:colcon.colcon_core.package_identification:_identify(racetrack_cv) by extensions ['colcon_meta']
[2.114s] Level 1:colcon.colcon_core.package_identification:_identify(racetrack_cv) by extension 'colcon_meta'
[2.114s] Level 1:colcon.colcon_core.package_identification:_identify(racetrack_cv) by extensions ['ros']
[2.114s] Level 1:colcon.colcon_core.package_identification:_identify(racetrack_cv) by extension 'ros'
[2.116s] DEBUG:colcon.colcon_core.package_identification:Package 'racetrack_cv' with type 'ros.ament_python' and name 'racetrack_cv'
[2.116s] Level 1:colcon.colcon_core.package_identification:_identify(racetrack_images) by extensions ['ignore', 'ignore_ament_install']
[2.117s] Level 1:colcon.colcon_core.package_identification:_identify(racetrack_images) by extension 'ignore'
[2.117s] Level 1:colcon.colcon_core.package_identification:_identify(racetrack_images) by extension 'ignore_ament_install'
[2.117s] Level 1:colcon.colcon_core.package_identification:_identify(racetrack_images) by extensions ['colcon_pkg']
[2.117s] Level 1:colcon.colcon_core.package_identification:_identify(racetrack_images) by extension 'colcon_pkg'
[2.117s] Level 1:colcon.colcon_core.package_identification:_identify(racetrack_images) by extensions ['colcon_meta']
[2.117s] Level 1:colcon.colcon_core.package_identification:_identify(racetrack_images) by extension 'colcon_meta'
[2.117s] Level 1:colcon.colcon_core.package_identification:_identify(racetrack_images) by extensions ['ros']
[2.117s] Level 1:colcon.colcon_core.package_identification:_identify(racetrack_images) by extension 'ros'
[2.118s] Level 1:colcon.colcon_core.package_identification:_identify(racetrack_images) by extensions ['cmake', 'python']
[2.118s] Level 1:colcon.colcon_core.package_identification:_identify(racetrack_images) by extension 'cmake'
[2.118s] Level 1:colcon.colcon_core.package_identification:_identify(racetrack_images) by extension 'python'
[2.118s] Level 1:colcon.colcon_core.package_identification:_identify(racetrack_images) by extensions ['python_setup_py']
[2.118s] Level 1:colcon.colcon_core.package_identification:_identify(racetrack_images) by extension 'python_setup_py'
[2.118s] Level 1:colcon.colcon_core.package_identification:_identify(racetrack_images/lane_1) by extensions ['ignore', 'ignore_ament_install']
[2.118s] Level 1:colcon.colcon_core.package_identification:_identify(racetrack_images/lane_1) by extension 'ignore'
[2.119s] Level 1:colcon.colcon_core.package_identification:_identify(racetrack_images/lane_1) by extension 'ignore_ament_install'
[2.119s] Level 1:colcon.colcon_core.package_identification:_identify(racetrack_images/lane_1) by extensions ['colcon_pkg']
[2.119s] Level 1:colcon.colcon_core.package_identification:_identify(racetrack_images/lane_1) by extension 'colcon_pkg'
[2.119s] Level 1:colcon.colcon_core.package_identification:_identify(racetrack_images/lane_1) by extensions ['colcon_meta']
[2.119s] Level 1:colcon.colcon_core.package_identification:_identify(racetrack_images/lane_1) by extension 'colcon_meta'
[2.119s] Level 1:colcon.colcon_core.package_identification:_identify(racetrack_images/lane_1) by extensions ['ros']
[2.119s] Level 1:colcon.colcon_core.package_identification:_identify(racetrack_images/lane_1) by extension 'ros'
[2.119s] Level 1:colcon.colcon_core.package_identification:_identify(racetrack_images/lane_1) by extensions ['cmake', 'python']
[2.119s] Level 1:colcon.colcon_core.package_identification:_identify(racetrack_images/lane_1) by extension 'cmake'
[2.120s] Level 1:colcon.colcon_core.package_identification:_identify(racetrack_images/lane_1) by extension 'python'
[2.120s] Level 1:colcon.colcon_core.package_identification:_identify(racetrack_images/lane_1) by extensions ['python_setup_py']
[2.120s] Level 1:colcon.colcon_core.package_identification:_identify(racetrack_images/lane_1) by extension 'python_setup_py'
[2.120s] Level 1:colcon.colcon_core.package_identification:_identify(racetrack_images/lane_3) by extensions ['ignore', 'ignore_ament_install']
[2.120s] Level 1:colcon.colcon_core.package_identification:_identify(racetrack_images/lane_3) by extension 'ignore'
[2.120s] Level 1:colcon.colcon_core.package_identification:_identify(racetrack_images/lane_3) by extension 'ignore_ament_install'
[2.121s] Level 1:colcon.colcon_core.package_identification:_identify(racetrack_images/lane_3) by extensions ['colcon_pkg']
[2.121s] Level 1:colcon.colcon_core.package_identification:_identify(racetrack_images/lane_3) by extension 'colcon_pkg'
[2.121s] Level 1:colcon.colcon_core.package_identification:_identify(racetrack_images/lane_3) by extensions ['colcon_meta']
[2.121s] Level 1:colcon.colcon_core.package_identification:_identify(racetrack_images/lane_3) by extension 'colcon_meta'
[2.121s] Level 1:colcon.colcon_core.package_identification:_identify(racetrack_images/lane_3) by extensions ['ros']
[2.121s] Level 1:colcon.colcon_core.package_identification:_identify(racetrack_images/lane_3) by extension 'ros'
[2.121s] Level 1:colcon.colcon_core.package_identification:_identify(racetrack_images/lane_3) by extensions ['cmake', 'python']
[2.121s] Level 1:colcon.colcon_core.package_identification:_identify(racetrack_images/lane_3) by extension 'cmake'
[2.122s] Level 1:colcon.colcon_core.package_identification:_identify(racetrack_images/lane_3) by extension 'python'
[2.122s] Level 1:colcon.colcon_core.package_identification:_identify(racetrack_images/lane_3) by extensions ['python_setup_py']
[2.122s] Level 1:colcon.colcon_core.package_identification:_identify(racetrack_images/lane_3) by extension 'python_setup_py'
[2.122s] Level 1:colcon.colcon_core.package_identification:_identify(racetrack_images/lane_6) by extensions ['ignore', 'ignore_ament_install']
[2.122s] Level 1:colcon.colcon_core.package_identification:_identify(racetrack_images/lane_6) by extension 'ignore'
[2.122s] Level 1:colcon.colcon_core.package_identification:_identify(racetrack_images/lane_6) by extension 'ignore_ament_install'
[2.122s] Level 1:colcon.colcon_core.package_identification:_identify(racetrack_images/lane_6) by extensions ['colcon_pkg']
[2.123s] Level 1:colcon.colcon_core.package_identification:_identify(racetrack_images/lane_6) by extension 'colcon_pkg'
[2.123s] Level 1:colcon.colcon_core.package_identification:_identify(racetrack_images/lane_6) by extensions ['colcon_meta']
[2.123s] Level 1:colcon.colcon_core.package_identification:_identify(racetrack_images/lane_6) by extension 'colcon_meta'
[2.123s] Level 1:colcon.colcon_core.package_identification:_identify(racetrack_images/lane_6) by extensions ['ros']
[2.123s] Level 1:colcon.colcon_core.package_identification:_identify(racetrack_images/lane_6) by extension 'ros'
[2.123s] Level 1:colcon.colcon_core.package_identification:_identify(racetrack_images/lane_6) by extensions ['cmake', 'python']
[2.123s] Level 1:colcon.colcon_core.package_identification:_identify(racetrack_images/lane_6) by extension 'cmake'
[2.123s] Level 1:colcon.colcon_core.package_identification:_identify(racetrack_images/lane_6) by extension 'python'
[2.123s] Level 1:colcon.colcon_core.package_identification:_identify(racetrack_images/lane_6) by extensions ['python_setup_py']
[2.123s] Level 1:colcon.colcon_core.package_identification:_identify(racetrack_images/lane_6) by extension 'python_setup_py'
[2.124s] Level 1:colcon.colcon_core.package_identification:_identify(shrinkray_heist) by extensions ['ignore', 'ignore_ament_install']
[2.124s] Level 1:colcon.colcon_core.package_identification:_identify(shrinkray_heist) by extension 'ignore'
[2.124s] Level 1:colcon.colcon_core.package_identification:_identify(shrinkray_heist) by extension 'ignore_ament_install'
[2.124s] Level 1:colcon.colcon_core.package_identification:_identify(shrinkray_heist) by extensions ['colcon_pkg']
[2.124s] Level 1:colcon.colcon_core.package_identification:_identify(shrinkray_heist) by extension 'colcon_pkg'
[2.124s] Level 1:colcon.colcon_core.package_identification:_identify(shrinkray_heist) by extensions ['colcon_meta']
[2.124s] Level 1:colcon.colcon_core.package_identification:_identify(shrinkray_heist) by extension 'colcon_meta'
[2.125s] Level 1:colcon.colcon_core.package_identification:_identify(shrinkray_heist) by extensions ['ros']
[2.125s] Level 1:colcon.colcon_core.package_identification:_identify(shrinkray_heist) by extension 'ros'
[2.125s] Level 1:colcon.colcon_core.package_identification:_identify(shrinkray_heist) by extensions ['cmake', 'python']
[2.125s] Level 1:colcon.colcon_core.package_identification:_identify(shrinkray_heist) by extension 'cmake'
[2.125s] Level 1:colcon.colcon_core.package_identification:_identify(shrinkray_heist) by extension 'python'
[2.125s] Level 1:colcon.colcon_core.package_identification:_identify(shrinkray_heist) by extensions ['python_setup_py']
[2.125s] Level 1:colcon.colcon_core.package_identification:_identify(shrinkray_heist) by extension 'python_setup_py'
[2.125s] Level 1:colcon.colcon_core.package_identification:_identify(shrinkray_heist/model) by extensions ['ignore', 'ignore_ament_install']
[2.126s] Level 1:colcon.colcon_core.package_identification:_identify(shrinkray_heist/model) by extension 'ignore'
[2.126s] Level 1:colcon.colcon_core.package_identification:_identify(shrinkray_heist/model) by extension 'ignore_ament_install'
[2.126s] Level 1:colcon.colcon_core.package_identification:_identify(shrinkray_heist/model) by extensions ['colcon_pkg']
[2.126s] Level 1:colcon.colcon_core.package_identification:_identify(shrinkray_heist/model) by extension 'colcon_pkg'
[2.126s] Level 1:colcon.colcon_core.package_identification:_identify(shrinkray_heist/model) by extensions ['colcon_meta']
[2.126s] Level 1:colcon.colcon_core.package_identification:_identify(shrinkray_heist/model) by extension 'colcon_meta'
[2.126s] Level 1:colcon.colcon_core.package_identification:_identify(shrinkray_heist/model) by extensions ['ros']
[2.126s] Level 1:colcon.colcon_core.package_identification:_identify(shrinkray_heist/model) by extension 'ros'
[2.126s] Level 1:colcon.colcon_core.package_identification:_identify(shrinkray_heist/model) by extensions ['cmake', 'python']
[2.127s] Level 1:colcon.colcon_core.package_identification:_identify(shrinkray_heist/model) by extension 'cmake'
[2.127s] Level 1:colcon.colcon_core.package_identification:_identify(shrinkray_heist/model) by extension 'python'
[2.127s] Level 1:colcon.colcon_core.package_identification:_identify(shrinkray_heist/model) by extensions ['python_setup_py']
[2.127s] Level 1:colcon.colcon_core.package_identification:_identify(shrinkray_heist/model) by extension 'python_setup_py'
[2.127s] Level 1:colcon.colcon_core.package_discovery:discover_packages(recursive) using defaults
[2.127s] Level 1:colcon.colcon_core.package_discovery:discover_packages(ignore) discover
[2.127s] Level 1:colcon.colcon_core.package_discovery:discover_packages(ignore) using defaults
[2.127s] Level 1:colcon.colcon_core.package_discovery:discover_packages(path) discover
[2.127s] Level 1:colcon.colcon_core.package_discovery:discover_packages(path) using defaults
[2.280s] Level 1:colcon.colcon_core.package_discovery:discover_packages(prefix_path) check parameters
[2.280s] Level 1:colcon.colcon_core.package_discovery:discover_packages(prefix_path) discover
[2.296s] DEBUG:colcon.colcon_installed_package_information.package_discovery:Found 1 installed packages in /root/racecar_simulator/install
[2.298s] DEBUG:colcon.colcon_installed_package_information.package_discovery:Found 10 installed packages in /root/racecar_ws/install
[2.300s] DEBUG:colcon.colcon_installed_package_information.package_discovery:Found 14 installed packages in /root/ros2_ws/install
[2.305s] DEBUG:colcon.colcon_installed_package_information.package_discovery:Found 339 installed packages in /opt/ros/humble
[2.308s] Level 1:colcon.colcon_core.package_discovery:discover_packages(prefix_path) using defaults
[2.630s] Level 5:colcon.colcon_core.verb:set package 'final_challenge_stata' build argument 'cmake_args' from command line to 'None'
[2.631s] Level 5:colcon.colcon_core.verb:set package 'final_challenge_stata' build argument 'cmake_target' from command line to 'None'
[2.631s] Level 5:colcon.colcon_core.verb:set package 'final_challenge_stata' build argument 'cmake_target_skip_unavailable' from command line to 'False'
[2.631s] Level 5:colcon.colcon_core.verb:set package 'final_challenge_stata' build argument 'cmake_clean_cache' from command line to 'False'
[2.631s] Level 5:colcon.colcon_core.verb:set package 'final_challenge_stata' build argument 'cmake_clean_first' from command line to 'False'
[2.631s] Level 5:colcon.colcon_core.verb:set package 'final_challenge_stata' build argument 'cmake_force_configure' from command line to 'False'
[2.631s] Level 5:colcon.colcon_core.verb:set package 'final_challenge_stata' build argument 'ament_cmake_args' from command line to 'None'
[2.631s] Level 5:colcon.colcon_core.verb:set package 'final_challenge_stata' build argument 'catkin_cmake_args' from command line to 'None'
[2.631s] Level 5:colcon.colcon_core.verb:set package 'final_challenge_stata' build argument 'catkin_skip_building_tests' from command line to 'False'
[2.631s] DEBUG:colcon.colcon_core.verb:Building package 'final_challenge_stata' with the following arguments: {'ament_cmake_args': None, 'build_base': '/root/racecar_ws/src/final_challenge2025/build/final_challenge_stata', 'catkin_cmake_args': None, 'catkin_skip_building_tests': False, 'cmake_args': None, 'cmake_clean_cache': False, 'cmake_clean_first': False, 'cmake_force_configure': False, 'cmake_target': None, 'cmake_target_skip_unavailable': False, 'install_base': '/root/racecar_ws/src/final_challenge2025/install/final_challenge_stata', 'merge_install': False, 'path': '/root/racecar_ws/src/final_challenge2025/final_challenge_stata', 'symlink_install': True, 'test_result_base': None}
[2.632s] Level 5:colcon.colcon_core.verb:set package 'racetrack_controller' build argument 'cmake_args' from command line to 'None'
[2.632s] Level 5:colcon.colcon_core.verb:set package 'racetrack_controller' build argument 'cmake_target' from command line to 'None'
[2.632s] Level 5:colcon.colcon_core.verb:set package 'racetrack_controller' build argument 'cmake_target_skip_unavailable' from command line to 'False'
[2.632s] Level 5:colcon.colcon_core.verb:set package 'racetrack_controller' build argument 'cmake_clean_cache' from command line to 'False'
[2.633s] Level 5:colcon.colcon_core.verb:set package 'racetrack_controller' build argument 'cmake_clean_first' from command line to 'False'
[2.633s] Level 5:colcon.colcon_core.verb:set package 'racetrack_controller' build argument 'cmake_force_configure' from command line to 'False'
[2.633s] Level 5:colcon.colcon_core.verb:set package 'racetrack_controller' build argument 'ament_cmake_args' from command line to 'None'
[2.633s] Level 5:colcon.colcon_core.verb:set package 'racetrack_controller' build argument 'catkin_cmake_args' from command line to 'None'
[2.633s] Level 5:colcon.colcon_core.verb:set package 'racetrack_controller' build argument 'catkin_skip_building_tests' from command line to 'False'
[2.633s] DEBUG:colcon.colcon_core.verb:Building package 'racetrack_controller' with the following arguments: {'ament_cmake_args': None, 'build_base': '/root/racecar_ws/src/final_challenge2025/build/racetrack_controller', 'catkin_cmake_args': None, 'catkin_skip_building_tests': False, 'cmake_args': None, 'cmake_clean_cache': False, 'cmake_clean_first': False, 'cmake_force_configure': False, 'cmake_target': None, 'cmake_target_skip_unavailable': False, 'install_base': '/root/racecar_ws/src/final_challenge2025/install/racetrack_controller', 'merge_install': False, 'path': '/root/racecar_ws/src/final_challenge2025/racetrack_controller', 'symlink_install': True, 'test_result_base': None}
[2.634s] Level 5:colcon.colcon_core.verb:set package 'racetrack_cv' build argument 'cmake_args' from command line to 'None'
[2.634s] Level 5:colcon.colcon_core.verb:set package 'racetrack_cv' build argument 'cmake_target' from command line to 'None'
[2.634s] Level 5:colcon.colcon_core.verb:set package 'racetrack_cv' build argument 'cmake_target_skip_unavailable' from command line to 'False'
[2.634s] Level 5:colcon.colcon_core.verb:set package 'racetrack_cv' build argument 'cmake_clean_cache' from command line to 'False'
[2.634s] Level 5:colcon.colcon_core.verb:set package 'racetrack_cv' build argument 'cmake_clean_first' from command line to 'False'
[2.634s] Level 5:colcon.colcon_core.verb:set package 'racetrack_cv' build argument 'cmake_force_configure' from command line to 'False'
[2.634s] Level 5:colcon.colcon_core.verb:set package 'racetrack_cv' build argument 'ament_cmake_args' from command line to 'None'
[2.634s] Level 5:colcon.colcon_core.verb:set package 'racetrack_cv' build argument 'catkin_cmake_args' from command line to 'None'
[2.634s] Level 5:colcon.colcon_core.verb:set package 'racetrack_cv' build argument 'catkin_skip_building_tests' from command line to 'False'
[2.634s] DEBUG:colcon.colcon_core.verb:Building package 'racetrack_cv' with the following arguments: {'ament_cmake_args': None, 'build_base': '/root/racecar_ws/src/final_challenge2025/build/racetrack_cv', 'catkin_cmake_args': None, 'catkin_skip_building_tests': False, 'cmake_args': None, 'cmake_clean_cache': False, 'cmake_clean_first': False, 'cmake_force_configure': False, 'cmake_target': None, 'cmake_target_skip_unavailable': False, 'install_base': '/root/racecar_ws/src/final_challenge2025/install/racetrack_cv', 'merge_install': False, 'path': '/root/racecar_ws/src/final_challenge2025/racetrack_cv', 'symlink_install': True, 'test_result_base': None}
[2.634s] INFO:colcon.colcon_core.executor:Executing jobs using 'parallel' executor
[2.638s] DEBUG:colcon.colcon_parallel_executor.executor.parallel:run_until_complete
[2.639s] INFO:colcon.colcon_ros.task.ament_python.build:Building ROS package in '/root/racecar_ws/src/final_challenge2025/final_challenge_stata' with build type 'ament_python'
[2.639s] Level 1:colcon.colcon_core.shell:create_environment_hook('final_challenge_stata', 'ament_prefix_path')
[2.661s] INFO:colcon.colcon_core.plugin_system:Skipping extension 'colcon_core.shell.bat': Not used on non-Windows systems
[2.661s] INFO:colcon.colcon_core.shell:Creating environment hook '/root/racecar_ws/src/final_challenge2025/install/final_challenge_stata/share/final_challenge_stata/hook/ament_prefix_path.ps1'
[2.665s] INFO:colcon.colcon_core.shell:Creating environment descriptor '/root/racecar_ws/src/final_challenge2025/install/final_challenge_stata/share/final_challenge_stata/hook/ament_prefix_path.dsv'
[2.667s] INFO:colcon.colcon_core.shell:Creating environment hook '/root/racecar_ws/src/final_challenge2025/install/final_challenge_stata/share/final_challenge_stata/hook/ament_prefix_path.sh'
[2.670s] INFO:colcon.colcon_core.shell:Skip shell extension 'powershell' for command environment: Not usable outside of PowerShell
[2.670s] DEBUG:colcon.colcon_core.shell:Skip shell extension 'dsv' for command environment
[2.688s] INFO:colcon.colcon_ros.task.ament_python.build:Building ROS package in '/root/racecar_ws/src/final_challenge2025/racetrack_controller' with build type 'ament_python'
[2.688s] Level 1:colcon.colcon_core.shell:create_environment_hook('racetrack_controller', 'ament_prefix_path')
[2.689s] INFO:colcon.colcon_core.shell:Creating environment hook '/root/racecar_ws/src/final_challenge2025/install/racetrack_controller/share/racetrack_controller/hook/ament_prefix_path.ps1'
[2.691s] INFO:colcon.colcon_core.shell:Creating environment descriptor '/root/racecar_ws/src/final_challenge2025/install/racetrack_controller/share/racetrack_controller/hook/ament_prefix_path.dsv'
[2.692s] INFO:colcon.colcon_core.shell:Creating environment hook '/root/racecar_ws/src/final_challenge2025/install/racetrack_controller/share/racetrack_controller/hook/ament_prefix_path.sh'
[2.693s] INFO:colcon.colcon_core.shell:Skip shell extension 'powershell' for command environment: Not usable outside of PowerShell
[2.694s] DEBUG:colcon.colcon_core.shell:Skip shell extension 'dsv' for command environment
[2.710s] INFO:colcon.colcon_ros.task.ament_python.build:Building ROS package in '/root/racecar_ws/src/final_challenge2025/racetrack_cv' with build type 'ament_python'
[2.711s] Level 1:colcon.colcon_core.shell:create_environment_hook('racetrack_cv', 'ament_prefix_path')
[2.711s] INFO:colcon.colcon_core.shell:Creating environment hook '/root/racecar_ws/src/final_challenge2025/install/racetrack_cv/share/racetrack_cv/hook/ament_prefix_path.ps1'
[2.714s] INFO:colcon.colcon_core.shell:Creating environment descriptor '/root/racecar_ws/src/final_challenge2025/install/racetrack_cv/share/racetrack_cv/hook/ament_prefix_path.dsv'
[2.714s] INFO:colcon.colcon_core.shell:Creating environment hook '/root/racecar_ws/src/final_challenge2025/install/racetrack_cv/share/racetrack_cv/hook/ament_prefix_path.sh'
[2.716s] INFO:colcon.colcon_core.shell:Skip shell extension 'powershell' for command environment: Not usable outside of PowerShell
[2.716s] DEBUG:colcon.colcon_core.shell:Skip shell extension 'dsv' for command environment
[3.536s] INFO:colcon.colcon_core.task.python.build:Building Python package in '/root/racecar_ws/src/final_challenge2025/final_challenge_stata'
[3.537s] INFO:colcon.colcon_core.shell:Skip shell extension 'powershell' for command environment: Not usable outside of PowerShell
[3.538s] DEBUG:colcon.colcon_core.shell:Skip shell extension 'dsv' for command environment
[4.355s] INFO:colcon.colcon_core.task.python.build:Building Python package in '/root/racecar_ws/src/final_challenge2025/racetrack_controller'
[4.357s] INFO:colcon.colcon_core.shell:Skip shell extension 'powershell' for command environment: Not usable outside of PowerShell
[4.357s] DEBUG:colcon.colcon_core.shell:Skip shell extension 'dsv' for command environment
[5.193s] INFO:colcon.colcon_core.task.python.build:Building Python package in '/root/racecar_ws/src/final_challenge2025/racetrack_cv'
[5.195s] INFO:colcon.colcon_core.shell:Skip shell extension 'powershell' for command environment: Not usable outside of PowerShell
[5.195s] DEBUG:colcon.colcon_core.shell:Skip shell extension 'dsv' for command environment
[6.682s] DEBUG:colcon.colcon_core.event_handler.log_command:Invoking command in '/root/racecar_ws/src/final_challenge2025/build/racetrack_cv': PYTHONPATH=/root/racecar_ws/src/final_challenge2025/build/racetrack_cv/prefix_override:/usr/lib/python3/dist-packages/colcon_core/task/python/colcon_distutils_commands:/root/racecar_ws/src/final_challenge2025/install/racetrack_cv/lib/python3.10/site-packages:${PYTHONPATH} /usr/bin/python3 -W ignore:setup.py install is deprecated -W ignore:easy_install command is deprecated setup.py develop --editable --build-directory /root/racecar_ws/src/final_challenge2025/build/racetrack_cv/build --no-deps symlink_data
[6.716s] DEBUG:colcon.colcon_core.event_handler.log_command:Invoking command in '/root/racecar_ws/src/final_challenge2025/build/racetrack_controller': PYTHONPATH=/root/racecar_ws/src/final_challenge2025/build/racetrack_controller/prefix_override:/usr/lib/python3/dist-packages/colcon_core/task/python/colcon_distutils_commands:/root/racecar_ws/src/final_challenge2025/install/racetrack_controller/lib/python3.10/site-packages:${PYTHONPATH} /usr/bin/python3 -W ignore:setup.py install is deprecated -W ignore:easy_install command is deprecated setup.py develop --editable --build-directory /root/racecar_ws/src/final_challenge2025/build/racetrack_controller/build --no-deps symlink_data
[6.721s] DEBUG:colcon.colcon_core.event_handler.log_command:Invoking command in '/root/racecar_ws/src/final_challenge2025/build/final_challenge_stata': PYTHONPATH=/root/racecar_ws/src/final_challenge2025/build/final_challenge_stata/prefix_override:/usr/lib/python3/dist-packages/colcon_core/task/python/colcon_distutils_commands:/root/racecar_ws/src/final_challenge2025/install/final_challenge_stata/lib/python3.10/site-packages:${PYTHONPATH} /usr/bin/python3 -W ignore:setup.py install is deprecated -W ignore:easy_install command is deprecated setup.py develop --editable --build-directory /root/racecar_ws/src/final_challenge2025/build/final_challenge_stata/build --no-deps symlink_data
[8.423s] Level 1:colcon.colcon_core.shell:create_environment_hook('racetrack_cv', 'pythonpath_develop')
[8.425s] INFO:colcon.colcon_core.shell:Creating environment hook '/root/racecar_ws/src/final_challenge2025/build/racetrack_cv/share/racetrack_cv/hook/pythonpath_develop.ps1'
[8.426s] DEBUG:colcon.colcon_core.event_handler.log_command:Invoked command in '/root/racecar_ws/src/final_challenge2025/build/racetrack_cv' returned '0': PYTHONPATH=/root/racecar_ws/src/final_challenge2025/build/racetrack_cv/prefix_override:/usr/lib/python3/dist-packages/colcon_core/task/python/colcon_distutils_commands:/root/racecar_ws/src/final_challenge2025/install/racetrack_cv/lib/python3.10/site-packages:${PYTHONPATH} /usr/bin/python3 -W ignore:setup.py install is deprecated -W ignore:easy_install command is deprecated setup.py develop --editable --build-directory /root/racecar_ws/src/final_challenge2025/build/racetrack_cv/build --no-deps symlink_data
[8.429s] INFO:colcon.colcon_core.shell:Creating environment descriptor '/root/racecar_ws/src/final_challenge2025/build/racetrack_cv/share/racetrack_cv/hook/pythonpath_develop.dsv'
[8.430s] INFO:colcon.colcon_core.shell:Creating environment hook '/root/racecar_ws/src/final_challenge2025/build/racetrack_cv/share/racetrack_cv/hook/pythonpath_develop.sh'
[8.453s] Level 1:colcon.colcon_core.environment:checking '/root/racecar_ws/src/final_challenge2025/install/racetrack_cv' for CMake module files
[8.455s] Level 1:colcon.colcon_core.environment:checking '/root/racecar_ws/src/final_challenge2025/install/racetrack_cv' for CMake config files
[8.457s] Level 1:colcon.colcon_core.environment:checking '/root/racecar_ws/src/final_challenge2025/install/racetrack_cv/lib'
[8.457s] Level 1:colcon.colcon_core.environment:checking '/root/racecar_ws/src/final_challenge2025/install/racetrack_cv/bin'
[8.457s] Level 1:colcon.colcon_core.environment:checking '/root/racecar_ws/src/final_challenge2025/install/racetrack_cv/lib/pkgconfig/racetrack_cv.pc'
[8.458s] Level 1:colcon.colcon_core.environment:checking '/root/racecar_ws/src/final_challenge2025/install/racetrack_cv/lib/python3.10/site-packages'
[8.458s] Level 1:colcon.colcon_core.shell:create_environment_hook('racetrack_cv', 'pythonpath')
[8.459s] INFO:colcon.colcon_core.shell:Creating environment hook '/root/racecar_ws/src/final_challenge2025/install/racetrack_cv/share/racetrack_cv/hook/pythonpath.ps1'
[8.461s] INFO:colcon.colcon_core.shell:Creating environment descriptor '/root/racecar_ws/src/final_challenge2025/install/racetrack_cv/share/racetrack_cv/hook/pythonpath.dsv'
[8.462s] INFO:colcon.colcon_core.shell:Creating environment hook '/root/racecar_ws/src/final_challenge2025/install/racetrack_cv/share/racetrack_cv/hook/pythonpath.sh'
[8.463s] Level 1:colcon.colcon_core.environment:checking '/root/racecar_ws/src/final_challenge2025/install/racetrack_cv/bin'
[8.463s] Level 1:colcon.colcon_core.environment:create_environment_scripts_only(racetrack_cv)
[8.465s] INFO:colcon.colcon_core.shell:Creating package script '/root/racecar_ws/src/final_challenge2025/install/racetrack_cv/share/racetrack_cv/package.ps1'
[8.470s] INFO:colcon.colcon_core.shell:Creating package descriptor '/root/racecar_ws/src/final_challenge2025/install/racetrack_cv/share/racetrack_cv/package.dsv'
[8.473s] INFO:colcon.colcon_core.shell:Creating package script '/root/racecar_ws/src/final_challenge2025/install/racetrack_cv/share/racetrack_cv/package.sh'
[8.476s] INFO:colcon.colcon_core.shell:Creating package script '/root/racecar_ws/src/final_challenge2025/install/racetrack_cv/share/racetrack_cv/package.bash'
[8.479s] INFO:colcon.colcon_core.shell:Creating package script '/root/racecar_ws/src/final_challenge2025/install/racetrack_cv/share/racetrack_cv/package.zsh'
[8.482s] Level 1:colcon.colcon_core.environment:create_file_with_runtime_dependencies(/root/racecar_ws/src/final_challenge2025/install/racetrack_cv/share/colcon-core/packages/racetrack_cv)
[8.486s] Level 1:colcon.colcon_core.shell:create_environment_hook('final_challenge_stata', 'pythonpath_develop')
[8.487s] INFO:colcon.colcon_core.shell:Creating environment hook '/root/racecar_ws/src/final_challenge2025/build/final_challenge_stata/share/final_challenge_stata/hook/pythonpath_develop.ps1'
[8.490s] DEBUG:colcon.colcon_core.event_handler.log_command:Invoked command in '/root/racecar_ws/src/final_challenge2025/build/final_challenge_stata' returned '0': PYTHONPATH=/root/racecar_ws/src/final_challenge2025/build/final_challenge_stata/prefix_override:/usr/lib/python3/dist-packages/colcon_core/task/python/colcon_distutils_commands:/root/racecar_ws/src/final_challenge2025/install/final_challenge_stata/lib/python3.10/site-packages:${PYTHONPATH} /usr/bin/python3 -W ignore:setup.py install is deprecated -W ignore:easy_install command is deprecated setup.py develop --editable --build-directory /root/racecar_ws/src/final_challenge2025/build/final_challenge_stata/build --no-deps symlink_data
[8.490s] INFO:colcon.colcon_core.shell:Creating environment descriptor '/root/racecar_ws/src/final_challenge2025/build/final_challenge_stata/share/final_challenge_stata/hook/pythonpath_develop.dsv'
[8.491s] INFO:colcon.colcon_core.shell:Creating environment hook '/root/racecar_ws/src/final_challenge2025/build/final_challenge_stata/share/final_challenge_stata/hook/pythonpath_develop.sh'
[8.494s] Level 1:colcon.colcon_core.environment:checking '/root/racecar_ws/src/final_challenge2025/install/final_challenge_stata' for CMake module files
[8.495s] Level 1:colcon.colcon_core.environment:checking '/root/racecar_ws/src/final_challenge2025/install/final_challenge_stata' for CMake config files
[8.497s] Level 1:colcon.colcon_core.environment:checking '/root/racecar_ws/src/final_challenge2025/install/final_challenge_stata/lib'
[8.498s] Level 1:colcon.colcon_core.environment:checking '/root/racecar_ws/src/final_challenge2025/install/final_challenge_stata/bin'
[8.498s] Level 1:colcon.colcon_core.environment:checking '/root/racecar_ws/src/final_challenge2025/install/final_challenge_stata/lib/pkgconfig/final_challenge_stata.pc'
[8.499s] Level 1:colcon.colcon_core.environment:checking '/root/racecar_ws/src/final_challenge2025/install/final_challenge_stata/lib/python3.10/site-packages'
[8.499s] Level 1:colcon.colcon_core.shell:create_environment_hook('final_challenge_stata', 'pythonpath')
[8.500s] INFO:colcon.colcon_core.shell:Creating environment hook '/root/racecar_ws/src/final_challenge2025/install/final_challenge_stata/share/final_challenge_stata/hook/pythonpath.ps1'
[8.502s] INFO:colcon.colcon_core.shell:Creating environment descriptor '/root/racecar_ws/src/final_challenge2025/install/final_challenge_stata/share/final_challenge_stata/hook/pythonpath.dsv'
[8.503s] INFO:colcon.colcon_core.shell:Creating environment hook '/root/racecar_ws/src/final_challenge2025/install/final_challenge_stata/share/final_challenge_stata/hook/pythonpath.sh'
[8.505s] Level 1:colcon.colcon_core.environment:checking '/root/racecar_ws/src/final_challenge2025/install/final_challenge_stata/bin'
[8.505s] Level 1:colcon.colcon_core.environment:create_environment_scripts_only(final_challenge_stata)
[8.506s] INFO:colcon.colcon_core.shell:Creating package script '/root/racecar_ws/src/final_challenge2025/install/final_challenge_stata/share/final_challenge_stata/package.ps1'
[8.508s] INFO:colcon.colcon_core.shell:Creating package descriptor '/root/racecar_ws/src/final_challenge2025/install/final_challenge_stata/share/final_challenge_stata/package.dsv'
[8.509s] INFO:colcon.colcon_core.shell:Creating package script '/root/racecar_ws/src/final_challenge2025/install/final_challenge_stata/share/final_challenge_stata/package.sh'
[8.510s] INFO:colcon.colcon_core.shell:Creating package script '/root/racecar_ws/src/final_challenge2025/install/final_challenge_stata/share/final_challenge_stata/package.bash'
[8.511s] INFO:colcon.colcon_core.shell:Creating package script '/root/racecar_ws/src/final_challenge2025/install/final_challenge_stata/share/final_challenge_stata/package.zsh'
[8.512s] Level 1:colcon.colcon_core.environment:create_file_with_runtime_dependencies(/root/racecar_ws/src/final_challenge2025/install/final_challenge_stata/share/colcon-core/packages/final_challenge_stata)
[8.513s] Level 1:colcon.colcon_core.shell:create_environment_hook('racetrack_controller', 'pythonpath_develop')
[8.514s] INFO:colcon.colcon_core.shell:Creating environment hook '/root/racecar_ws/src/final_challenge2025/build/racetrack_controller/share/racetrack_controller/hook/pythonpath_develop.ps1'
[8.517s] DEBUG:colcon.colcon_core.event_handler.log_command:Invoked command in '/root/racecar_ws/src/final_challenge2025/build/racetrack_controller' returned '0': PYTHONPATH=/root/racecar_ws/src/final_challenge2025/build/racetrack_controller/prefix_override:/usr/lib/python3/dist-packages/colcon_core/task/python/colcon_distutils_commands:/root/racecar_ws/src/final_challenge2025/install/racetrack_controller/lib/python3.10/site-packages:${PYTHONPATH} /usr/bin/python3 -W ignore:setup.py install is deprecated -W ignore:easy_install command is deprecated setup.py develop --editable --build-directory /root/racecar_ws/src/final_challenge2025/build/racetrack_controller/build --no-deps symlink_data
[8.517s] INFO:colcon.colcon_core.shell:Creating environment descriptor '/root/racecar_ws/src/final_challenge2025/build/racetrack_controller/share/racetrack_controller/hook/pythonpath_develop.dsv'
[8.518s] INFO:colcon.colcon_core.shell:Creating environment hook '/root/racecar_ws/src/final_challenge2025/build/racetrack_controller/share/racetrack_controller/hook/pythonpath_develop.sh'
[8.520s] Level 1:colcon.colcon_core.environment:checking '/root/racecar_ws/src/final_challenge2025/install/racetrack_controller' for CMake module files
[8.521s] Level 1:colcon.colcon_core.environment:checking '/root/racecar_ws/src/final_challenge2025/install/racetrack_controller' for CMake config files
[8.522s] Level 1:colcon.colcon_core.environment:checking '/root/racecar_ws/src/final_challenge2025/install/racetrack_controller/lib'
[8.522s] Level 1:colcon.colcon_core.environment:checking '/root/racecar_ws/src/final_challenge2025/install/racetrack_controller/bin'
[8.523s] Level 1:colcon.colcon_core.environment:checking '/root/racecar_ws/src/final_challenge2025/install/racetrack_controller/lib/pkgconfig/racetrack_controller.pc'
[8.523s] Level 1:colcon.colcon_core.environment:checking '/root/racecar_ws/src/final_challenge2025/install/racetrack_controller/lib/python3.10/site-packages'
[8.523s] Level 1:colcon.colcon_core.shell:create_environment_hook('racetrack_controller', 'pythonpath')
[8.524s] INFO:colcon.colcon_core.shell:Creating environment hook '/root/racecar_ws/src/final_challenge2025/install/racetrack_controller/share/racetrack_controller/hook/pythonpath.ps1'
[8.525s] INFO:colcon.colcon_core.shell:Creating environment descriptor '/root/racecar_ws/src/final_challenge2025/install/racetrack_controller/share/racetrack_controller/hook/pythonpath.dsv'
[8.526s] INFO:colcon.colcon_core.shell:Creating environment hook '/root/racecar_ws/src/final_challenge2025/install/racetrack_controller/share/racetrack_controller/hook/pythonpath.sh'
[8.527s] Level 1:colcon.colcon_core.environment:checking '/root/racecar_ws/src/final_challenge2025/install/racetrack_controller/bin'
[8.527s] Level 1:colcon.colcon_core.environment:create_environment_scripts_only(racetrack_controller)
[8.528s] INFO:colcon.colcon_core.shell:Creating package script '/root/racecar_ws/src/final_challenge2025/install/racetrack_controller/share/racetrack_controller/package.ps1'
[8.530s] INFO:colcon.colcon_core.shell:Creating package descriptor '/root/racecar_ws/src/final_challenge2025/install/racetrack_controller/share/racetrack_controller/package.dsv'
[8.531s] INFO:colcon.colcon_core.shell:Creating package script '/root/racecar_ws/src/final_challenge2025/install/racetrack_controller/share/racetrack_controller/package.sh'
[8.532s] INFO:colcon.colcon_core.shell:Creating package script '/root/racecar_ws/src/final_challenge2025/install/racetrack_controller/share/racetrack_controller/package.bash'
[8.533s] INFO:colcon.colcon_core.shell:Creating package script '/root/racecar_ws/src/final_challenge2025/install/racetrack_controller/share/racetrack_controller/package.zsh'
[8.534s] Level 1:colcon.colcon_core.environment:create_file_with_runtime_dependencies(/root/racecar_ws/src/final_challenge2025/install/racetrack_controller/share/colcon-core/packages/racetrack_controller)
[8.535s] DEBUG:colcon.colcon_parallel_executor.executor.parallel:closing loop
[8.535s] DEBUG:colcon.colcon_parallel_executor.executor.parallel:loop closed
[8.535s] DEBUG:colcon.colcon_parallel_executor.executor.parallel:run_until_complete finished with '0'
[8.536s] DEBUG:colcon.colcon_core.event_reactor:joining thread
[8.576s] INFO:colcon.colcon_core.plugin_system:Skipping extension 'colcon_notification.desktop_notification.terminal_notifier': Not used on non-Darwin systems
[8.577s] INFO:colcon.colcon_core.plugin_system:Skipping extension 'colcon_notification.desktop_notification.win32': Not used on non-Windows systems
[8.577s] INFO:colcon.colcon_notification.desktop_notification:Sending desktop notification using 'notify2'
[8.578s] DEBUG:colcon.colcon_notification.desktop_notification.notify2:Failed to initialize notify2: org.freedesktop.DBus.Error.NotSupported: Unable to autolaunch a dbus-daemon without a $DISPLAY for X11
[8.578s] DEBUG:colcon.colcon_core.event_reactor:joined thread
[8.580s] INFO:colcon.colcon_core.shell:Creating prefix script '/root/racecar_ws/src/final_challenge2025/install/local_setup.ps1'
[8.584s] INFO:colcon.colcon_core.shell:Creating prefix util module '/root/racecar_ws/src/final_challenge2025/install/_local_setup_util_ps1.py'
[8.589s] INFO:colcon.colcon_core.shell:Creating prefix chain script '/root/racecar_ws/src/final_challenge2025/install/setup.ps1'
[8.596s] INFO:colcon.colcon_core.shell:Creating prefix script '/root/racecar_ws/src/final_challenge2025/install/local_setup.sh'
[8.599s] INFO:colcon.colcon_core.shell:Creating prefix util module '/root/racecar_ws/src/final_challenge2025/install/_local_setup_util_sh.py'
[8.601s] INFO:colcon.colcon_core.shell:Creating prefix chain script '/root/racecar_ws/src/final_challenge2025/install/setup.sh'
[8.613s] INFO:colcon.colcon_core.shell:Creating prefix script '/root/racecar_ws/src/final_challenge2025/install/local_setup.bash'
[8.615s] INFO:colcon.colcon_core.shell:Creating prefix chain script '/root/racecar_ws/src/final_challenge2025/install/setup.bash'
[8.623s] INFO:colcon.colcon_core.shell:Creating prefix script '/root/racecar_ws/src/final_challenge2025/install/local_setup.zsh'
[8.626s] INFO:colcon.colcon_core.shell:Creating prefix chain script '/root/racecar_ws/src/final_challenge2025/install/setup.zsh'
